<?xml version="1.0" encoding="UTF-8" ?>
<testsuite tests="1" failures="0" name="com.livegoods.test.dao.TestDao" time="0.504" errors="1" skipped="0">
  <properties>
[...]
</properties>
  <testcase classname="com.livegoods.test.dao.TestDao" name="testSelect" time="0.504">
    <error message="Exception authenticating MongoCredential{mechanism=SCRAM-SHA-256, userName=&apos;livegoods&apos;, source=&apos;livegoods&apos;, password=&lt;hidden&gt;, mechanismProperties=&lt;hidden&gt;}; nested exception is com.mongodb.MongoSecurityException: Exception authenticating MongoCredential{mechanism=SCRAM-SHA-256, userName=&apos;livegoods&apos;, source=&apos;livegoods&apos;, password=&lt;hidden&gt;, mechanismProperties=&lt;hidden&gt;}" type="org.springframework.data.mongodb.UncategorizedMongoDbException">org.springframework.data.mongodb.UncategorizedMongoDbException: Exception authenticating MongoCredential{mechanism=SCRAM-SHA-256, userName=&apos;livegoods&apos;, source=&apos;livegoods&apos;, password=&lt;hidden&gt;, mechanismProperties=&lt;hidden&gt;}; nested exception is com.mongodb.MongoSecurityException: Exception authenticating MongoCredential{mechanism=SCRAM-SHA-256, userName=&apos;livegoods&apos;, source=&apos;livegoods&apos;, password=&lt;hidden&gt;, mechanismProperties=&lt;hidden&gt;}
	at org.springframework.data.mongodb.core.MongoExceptionTranslator.translateExceptionIfPossible(MongoExceptionTranslator.java:133)
	at org.springframework.data.mongodb.core.MongoTemplate.potentiallyConvertRuntimeException(MongoTemplate.java:2874)
	at org.springframework.data.mongodb.core.MongoTemplate.executeFindMultiInternal(MongoTemplate.java:2799)
	at org.springframework.data.mongodb.core.MongoTemplate.doFind(MongoTemplate.java:2518)
	at org.springframework.data.mongodb.core.MongoTemplate.doFind(MongoTemplate.java:2500)
	at org.springframework.data.mongodb.core.MongoTemplate.find(MongoTemplate.java:856)
	at org.springframework.data.mongodb.core.MongoTemplate.find(MongoTemplate.java:842)
	at com.livegoods.banner.dao.impl.BannerDaoImpl.getBanners(BannerDaoImpl.java:31)
	at com.livegoods.banner.dao.impl.BannerDaoImpl$$FastClassBySpringCGLIB$$127a1d05.invoke(&lt;generated&gt;)
	at org.springframework.cglib.proxy.MethodProxy.invoke(MethodProxy.java:218)
	at org.springframework.aop.framework.CglibAopProxy$CglibMethodInvocation.invokeJoinpoint(CglibAopProxy.java:771)
	at org.springframework.aop.framework.ReflectiveMethodInvocation.proceed(ReflectiveMethodInvocation.java:163)
	at org.springframework.aop.framework.CglibAopProxy$CglibMethodInvocation.proceed(CglibAopProxy.java:749)
	at org.springframework.dao.support.PersistenceExceptionTranslationInterceptor.invoke(PersistenceExceptionTranslationInterceptor.java:139)
	at org.springframework.aop.framework.ReflectiveMethodInvocation.proceed(ReflectiveMethodInvocation.java:186)
	at org.springframework.aop.framework.CglibAopProxy$CglibMethodInvocation.proceed(CglibAopProxy.java:749)
	at org.springframework.aop.framework.CglibAopProxy$DynamicAdvisedInterceptor.intercept(CglibAopProxy.java:691)
	at com.livegoods.banner.dao.impl.BannerDaoImpl$$EnhancerBySpringCGLIB$$7169e0fc.getBanners(&lt;generated&gt;)
	at com.livegoods.test.dao.TestDao.testSelect(TestDao.java:22)
	at sun.reflect.NativeMethodAccessorImpl.invoke0(Native Method)
	at sun.reflect.NativeMethodAccessorImpl.invoke(NativeMethodAccessorImpl.java:62)
	at sun.reflect.DelegatingMethodAccessorImpl.invoke(DelegatingMethodAccessorImpl.java:43)
	at java.lang.reflect.Method.invoke(Method.java:498)
	at org.junit.runners.model.FrameworkMethod$1.runReflectiveCall(FrameworkMethod.java:59)
	at org.junit.internal.runners.model.ReflectiveCallable.run(ReflectiveCallable.java:12)
	at org.junit.runners.model.FrameworkMethod.invokeExplosively(FrameworkMethod.java:56)
	at org.junit.internal.runners.statements.InvokeMethod.evaluate(InvokeMethod.java:17)
	at org.springframework.test.context.junit4.statements.RunBeforeTestExecutionCallbacks.evaluate(RunBeforeTestExecutionCallbacks.java:74)
	at org.springframework.test.context.junit4.statements.RunAfterTestExecutionCallbacks.evaluate(RunAfterTestExecutionCallbacks.java:84)
	at org.springframework.test.context.junit4.statements.RunBeforeTestMethodCallbacks.evaluate(RunBeforeTestMethodCallbacks.java:75)
	at org.springframework.test.context.junit4.statements.RunAfterTestMethodCallbacks.evaluate(RunAfterTestMethodCallbacks.java:86)
	at org.springframework.test.context.junit4.statements.SpringRepeat.evaluate(SpringRepeat.java:84)
	at org.junit.runners.ParentRunner.runLeaf(ParentRunner.java:366)
	at org.springframework.test.context.junit4.SpringJUnit4ClassRunner.runChild(SpringJUnit4ClassRunner.java:251)
	at org.springframework.test.context.junit4.SpringJUnit4ClassRunner.runChild(SpringJUnit4ClassRunner.java:97)
	at org.junit.runners.ParentRunner$4.run(ParentRunner.java:331)
	at org.junit.runners.ParentRunner$1.schedule(ParentRunner.java:79)
	at org.junit.runners.ParentRunner.runChildren(ParentRunner.java:329)
	at org.junit.runners.ParentRunner.access$100(ParentRunner.java:66)
	at org.junit.runners.ParentRunner$2.evaluate(ParentRunner.java:293)
	at org.springframework.test.context.junit4.statements.RunBeforeTestClassCallbacks.evaluate(RunBeforeTestClassCallbacks.java:61)
	at org.springframework.test.context.junit4.statements.RunAfterTestClassCallbacks.evaluate(RunAfterTestClassCallbacks.java:70)
	at org.junit.runners.ParentRunner$3.evaluate(ParentRunner.java:306)
	at org.junit.runners.ParentRunner.run(ParentRunner.java:413)
	at org.springframework.test.context.junit4.SpringJUnit4ClassRunner.run(SpringJUnit4ClassRunner.java:190)
	at org.apache.maven.surefire.junit4.JUnit4Provider.execute(JUnit4Provider.java:252)
	at org.apache.maven.surefire.junit4.JUnit4Provider.executeTestSet(JUnit4Provider.java:141)
	at org.apache.maven.surefire.junit4.JUnit4Provider.invoke(JUnit4Provider.java:112)
	at sun.reflect.NativeMethodAccessorImpl.invoke0(Native Method)
	at sun.reflect.NativeMethodAccessorImpl.invoke(NativeMethodAccessorImpl.java:62)
	at sun.reflect.DelegatingMethodAccessorImpl.invoke(DelegatingMethodAccessorImpl.java:43)
	at java.lang.reflect.Method.invoke(Method.java:498)
	at org.apache.maven.surefire.util.ReflectionUtils.invokeMethodWithArray(ReflectionUtils.java:189)
	at org.apache.maven.surefire.booter.ProviderFactory$ProviderProxy.invoke(ProviderFactory.java:165)
	at org.apache.maven.surefire.booter.ProviderFactory.invokeProvider(ProviderFactory.java:85)
	at org.apache.maven.surefire.booter.ForkedBooter.runSuitesInProcess(ForkedBooter.java:115)
	at org.apache.maven.surefire.booter.ForkedBooter.main(ForkedBooter.java:75)
Caused by: com.mongodb.MongoSecurityException: Exception authenticating MongoCredential{mechanism=SCRAM-SHA-256, userName=&apos;livegoods&apos;, source=&apos;livegoods&apos;, password=&lt;hidden&gt;, mechanismProperties=&lt;hidden&gt;}
	at com.mongodb.internal.connection.SaslAuthenticator.wrapException(SaslAuthenticator.java:201)
	at com.mongodb.internal.connection.SaslAuthenticator.access$300(SaslAuthenticator.java:40)
	at com.mongodb.internal.connection.SaslAuthenticator$1.run(SaslAuthenticator.java:78)
	at com.mongodb.internal.connection.SaslAuthenticator$1.run(SaslAuthenticator.java:47)
	at com.mongodb.internal.connection.SaslAuthenticator.doAsSubject(SaslAuthenticator.java:207)
	at com.mongodb.internal.connection.SaslAuthenticator.authenticate(SaslAuthenticator.java:47)
	at com.mongodb.internal.connection.InternalStreamConnectionInitializer.authenticate(InternalStreamConnectionInitializer.java:152)
	at com.mongodb.internal.connection.InternalStreamConnectionInitializer.initialize(InternalStreamConnectionInitializer.java:61)
	at com.mongodb.internal.connection.InternalStreamConnection.open(InternalStreamConnection.java:128)
	at com.mongodb.internal.connection.UsageTrackingInternalConnection.open(UsageTrackingInternalConnection.java:50)
	at com.mongodb.internal.connection.DefaultConnectionPool$PooledConnection.open(DefaultConnectionPool.java:435)
	at com.mongodb.internal.connection.DefaultConnectionPool.get(DefaultConnectionPool.java:117)
	at com.mongodb.internal.connection.DefaultConnectionPool.get(DefaultConnectionPool.java:102)
	at com.mongodb.internal.connection.DefaultServer.getConnection(DefaultServer.java:90)
	at com.mongodb.internal.binding.ClusterBinding$ClusterBindingConnectionSource.getConnection(ClusterBinding.java:119)
	at com.mongodb.internal.operation.FindOperation$1.call(FindOperation.java:628)
	at com.mongodb.internal.operation.FindOperation$1.call(FindOperation.java:625)
	at com.mongodb.internal.operation.OperationHelper.withReadConnectionSource(OperationHelper.java:462)
	at com.mongodb.internal.operation.FindOperation.execute(FindOperation.java:625)
	at com.mongodb.internal.operation.FindOperation.execute(FindOperation.java:77)
	at com.mongodb.client.internal.MongoClientDelegate$DelegateOperationExecutor.execute(MongoClientDelegate.java:190)
	at com.mongodb.client.internal.MongoIterableImpl.execute(MongoIterableImpl.java:135)
	at com.mongodb.client.internal.MongoIterableImpl.iterator(MongoIterableImpl.java:92)
	at org.springframework.data.mongodb.core.MongoTemplate.executeFindMultiInternal(MongoTemplate.java:2782)
	... 54 more
Caused by: com.mongodb.MongoCommandException: Command failed with error 18 (AuthenticationFailed): &apos;Authentication failed.&apos; on server 175.178.12.94:27017. The full response is {&quot;ok&quot;: 0.0, &quot;errmsg&quot;: &quot;Authentication failed.&quot;, &quot;code&quot;: 18, &quot;codeName&quot;: &quot;AuthenticationFailed&quot;}
	at com.mongodb.internal.connection.ProtocolHelper.getCommandFailureException(ProtocolHelper.java:175)
	at com.mongodb.internal.connection.InternalStreamConnection.receiveCommandMessageResponse(InternalStreamConnection.java:302)
	at com.mongodb.internal.connection.InternalStreamConnection.sendAndReceive(InternalStreamConnection.java:258)
	at com.mongodb.internal.connection.CommandHelper.sendAndReceive(CommandHelper.java:83)
	at com.mongodb.internal.connection.CommandHelper.executeCommand(CommandHelper.java:33)
	at com.mongodb.internal.connection.SaslAuthenticator.sendSaslContinue(SaslAuthenticator.java:162)
	at com.mongodb.internal.connection.SaslAuthenticator.access$200(SaslAuthenticator.java:40)
	at com.mongodb.internal.connection.SaslAuthenticator$1.run(SaslAuthenticator.java:67)
	... 75 more
</error>
    <system-out>02:42:36.737 [main] DEBUG org.springframework.test.context.junit4.SpringJUnit4ClassRunner - SpringJUnit4ClassRunner constructor called with [class com.livegoods.test.dao.TestDao]
02:42:36.742 [main] DEBUG org.springframework.test.context.BootstrapUtils - Instantiating CacheAwareContextLoaderDelegate from class [org.springframework.test.context.cache.DefaultCacheAwareContextLoaderDelegate]
02:42:36.749 [main] DEBUG org.springframework.test.context.BootstrapUtils - Instantiating BootstrapContext using constructor [public org.springframework.test.context.support.DefaultBootstrapContext(java.lang.Class,org.springframework.test.context.CacheAwareContextLoaderDelegate)]
02:42:36.788 [main] DEBUG org.springframework.test.context.BootstrapUtils - Instantiating TestContextBootstrapper for test class [com.livegoods.test.dao.TestDao] from class [org.springframework.boot.test.context.SpringBootTestContextBootstrapper]
02:42:36.806 [main] INFO org.springframework.boot.test.context.SpringBootTestContextBootstrapper - Neither @ContextConfiguration nor @ContextHierarchy found for test class [com.livegoods.test.dao.TestDao], using SpringBootContextLoader
02:42:36.809 [main] DEBUG org.springframework.test.context.support.AbstractContextLoader - Did not detect default resource location for test class [com.livegoods.test.dao.TestDao]: class path resource [com/livegoods/test/dao/TestDao-context.xml] does not exist
02:42:36.809 [main] DEBUG org.springframework.test.context.support.AbstractContextLoader - Did not detect default resource location for test class [com.livegoods.test.dao.TestDao]: class path resource [com/livegoods/test/dao/TestDaoContext.groovy] does not exist
02:42:36.809 [main] INFO org.springframework.test.context.support.AbstractContextLoader - Could not detect default resource locations for test class [com.livegoods.test.dao.TestDao]: no resource found for suffixes {-context.xml, Context.groovy}.
02:42:36.852 [main] DEBUG org.springframework.test.context.support.ActiveProfilesUtils - Could not find an &apos;annotation declaring class&apos; for annotation type [org.springframework.test.context.ActiveProfiles] and class [com.livegoods.test.dao.TestDao]
02:42:36.982 [main] DEBUG org.springframework.boot.test.context.SpringBootTestContextBootstrapper - @TestExecutionListeners is not present for class [com.livegoods.test.dao.TestDao]: using defaults.
02:42:36.982 [main] INFO org.springframework.boot.test.context.SpringBootTestContextBootstrapper - Loaded default TestExecutionListener class names from location [META-INF/spring.factories]: [org.springframework.boot.test.mock.mockito.MockitoTestExecutionListener, org.springframework.boot.test.mock.mockito.ResetMocksTestExecutionListener, org.springframework.boot.test.autoconfigure.restdocs.RestDocsTestExecutionListener, org.springframework.boot.test.autoconfigure.web.client.MockRestServiceServerResetTestExecutionListener, org.springframework.boot.test.autoconfigure.web.servlet.MockMvcPrintOnlyOnFailureTestExecutionListener, org.springframework.boot.test.autoconfigure.web.servlet.WebDriverTestExecutionListener, org.springframework.boot.test.autoconfigure.webservices.client.MockWebServiceServerTestExecutionListener, org.springframework.test.context.web.ServletTestExecutionListener, org.springframework.test.context.support.DirtiesContextBeforeModesTestExecutionListener, org.springframework.test.context.support.DependencyInjectionTestExecutionListener, org.springframework.test.context.support.DirtiesContextTestExecutionListener, org.springframework.test.context.transaction.TransactionalTestExecutionListener, org.springframework.test.context.jdbc.SqlScriptsTestExecutionListener, org.springframework.test.context.event.EventPublishingTestExecutionListener]
02:42:36.999 [main] INFO org.springframework.boot.test.context.SpringBootTestContextBootstrapper - Using TestExecutionListeners: [org.springframework.test.context.web.ServletTestExecutionListener@58ea606c, org.springframework.test.context.support.DirtiesContextBeforeModesTestExecutionListener@6f45df59, org.springframework.boot.test.mock.mockito.MockitoTestExecutionListener@38e79ae3, org.springframework.boot.test.autoconfigure.SpringBootDependencyInjectionTestExecutionListener@63070bab, org.springframework.test.context.support.DirtiesContextTestExecutionListener@68e5eea7, org.springframework.test.context.transaction.TransactionalTestExecutionListener@291b4bf5, org.springframework.test.context.jdbc.SqlScriptsTestExecutionListener@2d2ffcb7, org.springframework.test.context.event.EventPublishingTestExecutionListener@762ef0ea, org.springframework.boot.test.mock.mockito.ResetMocksTestExecutionListener@31f9b85e, org.springframework.boot.test.autoconfigure.restdocs.RestDocsTestExecutionListener@424e1977, org.springframework.boot.test.autoconfigure.web.client.MockRestServiceServerResetTestExecutionListener@10d68fcd, org.springframework.boot.test.autoconfigure.web.servlet.MockMvcPrintOnlyOnFailureTestExecutionListener@117e949d, org.springframework.boot.test.autoconfigure.web.servlet.WebDriverTestExecutionListener@6db9f5a4, org.springframework.boot.test.autoconfigure.webservices.client.MockWebServiceServerTestExecutionListener@5f8edcc5]
02:42:37.001 [main] DEBUG org.springframework.test.annotation.ProfileValueUtils - Retrieved @ProfileValueSourceConfiguration [null] for test class [com.livegoods.test.dao.TestDao]
02:42:37.002 [main] DEBUG org.springframework.test.annotation.ProfileValueUtils - Retrieved ProfileValueSource type [class org.springframework.test.annotation.SystemProfileValueSource] for class [com.livegoods.test.dao.TestDao]
02:42:37.004 [main] DEBUG org.springframework.test.annotation.ProfileValueUtils - Retrieved @ProfileValueSourceConfiguration [null] for test class [com.livegoods.test.dao.TestDao]
02:42:37.004 [main] DEBUG org.springframework.test.annotation.ProfileValueUtils - Retrieved ProfileValueSource type [class org.springframework.test.annotation.SystemProfileValueSource] for class [com.livegoods.test.dao.TestDao]
02:42:37.005 [main] DEBUG org.springframework.test.annotation.ProfileValueUtils - Retrieved @ProfileValueSourceConfiguration [null] for test class [com.livegoods.test.dao.TestDao]
02:42:37.005 [main] DEBUG org.springframework.test.annotation.ProfileValueUtils - Retrieved ProfileValueSource type [class org.springframework.test.annotation.SystemProfileValueSource] for class [com.livegoods.test.dao.TestDao]
02:42:37.006 [main] DEBUG org.springframework.test.annotation.ProfileValueUtils - Retrieved @ProfileValueSourceConfiguration [null] for test class [com.livegoods.test.dao.TestDao]
02:42:37.006 [main] DEBUG org.springframework.test.annotation.ProfileValueUtils - Retrieved ProfileValueSource type [class org.springframework.test.annotation.SystemProfileValueSource] for class [com.livegoods.test.dao.TestDao]
02:42:37.015 [main] DEBUG org.springframework.test.context.support.AbstractDirtiesContextTestExecutionListener - Before test class: context [DefaultTestContext@37f1104d testClass = TestDao, testInstance = [null], testMethod = [null], testException = [null], mergedContextConfiguration = [WebMergedContextConfiguration@55740540 testClass = TestDao, locations = &apos;{}&apos;, classes = &apos;{class com.livegoods.banner.LivegoodsBannerApp, class com.livegoods.banner.LivegoodsBannerApp}&apos;, contextInitializerClasses = &apos;[]&apos;, activeProfiles = &apos;{}&apos;, propertySourceLocations = &apos;{}&apos;, propertySourceProperties = &apos;{org.springframework.boot.test.context.SpringBootTestContextBootstrapper=true}&apos;, contextCustomizers = set[org.springframework.boot.test.context.filter.ExcludeFilterContextCustomizer@799d4f69, org.springframework.boot.test.json.DuplicateJsonObjectContextCustomizerFactory$DuplicateJsonObjectContextCustomizer@12028586, org.springframework.boot.test.mock.mockito.MockitoContextCustomizer@0, org.springframework.boot.test.web.client.TestRestTemplateContextCustomizer@80ec1f8, org.springframework.boot.test.autoconfigure.properties.PropertyMappingContextCustomizer@0, org.springframework.boot.test.autoconfigure.web.servlet.WebDriverContextCustomizerFactory$Customizer@221af3c0, org.springframework.boot.test.context.SpringBootTestArgs@1], resourceBasePath = &apos;src/main/webapp&apos;, contextLoader = &apos;org.springframework.boot.test.context.SpringBootContextLoader&apos;, parent = [null]], attributes = map[&apos;org.springframework.test.context.web.ServletTestExecutionListener.activateListener&apos; -&gt; true]], class annotated with @DirtiesContext [false] with mode [null].
02:42:37.017 [main] DEBUG org.springframework.test.annotation.ProfileValueUtils - Retrieved @ProfileValueSourceConfiguration [null] for test class [com.livegoods.test.dao.TestDao]
02:42:37.018 [main] DEBUG org.springframework.test.annotation.ProfileValueUtils - Retrieved ProfileValueSource type [class org.springframework.test.annotation.SystemProfileValueSource] for class [com.livegoods.test.dao.TestDao]
02:42:37.044 [main] DEBUG org.springframework.test.context.support.TestPropertySourceUtils - Adding inlined properties to environment: {spring.jmx.enabled=false, org.springframework.boot.test.context.SpringBootTestContextBootstrapper=true}

  .   ____          _            __ _ _
 /\\ / ___&apos;_ __ _ _(_)_ __  __ _ \ \ \ \
( ( )\___ | &apos;_ | &apos;_| | &apos;_ \/ _` | \ \ \ \
 \\/  ___)| |_)| | | | | || (_| |  ) ) ) )
  &apos;  |____| .__|_| |_|_| |_\__, | / / / /
 =========|_|==============|___/=/_/_/_/
 :: Spring Boot ::        (v2.3.2.RELEASE)

2022-05-28 02:42:40.592  INFO 51736 --- [           main] com.livegoods.test.dao.TestDao           : The following profiles are active: mongo
2022-05-28 02:42:40.994  INFO 51736 --- [           main] .s.d.r.c.RepositoryConfigurationDelegate : Bootstrapping Spring Data MongoDB repositories in DEFAULT mode.
2022-05-28 02:42:41.012  INFO 51736 --- [           main] .s.d.r.c.RepositoryConfigurationDelegate : Finished Spring Data repository scanning in 13ms. Found 0 MongoDB repository interfaces.
2022-05-28 02:42:41.224  INFO 51736 --- [           main] o.s.cloud.context.scope.GenericScope     : BeanFactory id=5c5e46ed-c196-3c97-a681-7802490ed47b
2022-05-28 02:42:41.796  INFO 51736 --- [           main] org.mongodb.driver.cluster               : Cluster created with settings {hosts=[175.178.12.94:27017], mode=SINGLE, requiredClusterType=UNKNOWN, serverSelectionTimeout=&apos;30000 ms&apos;}
2022-05-28 02:42:41.870  INFO 51736 --- [178.12.94:27017] org.mongodb.driver.connection            : Opened connection [connectionId{localValue:1, serverValue:32}] to 175.178.12.94:27017
2022-05-28 02:42:41.884  INFO 51736 --- [178.12.94:27017] org.mongodb.driver.cluster               : Monitor thread successfully connected to server with description ServerDescription{address=175.178.12.94:27017, type=STANDALONE, state=CONNECTED, ok=true, minWireVersion=0, maxWireVersion=13, maxDocumentSize=16777216, logicalSessionTimeoutMinutes=30, roundTripTimeNanos=12344400}
2022-05-28 02:42:41.911  WARN 51736 --- [           main] o.s.data.convert.CustomConversions       : Registering converter from class java.time.LocalDateTime to class org.joda.time.LocalDateTime as reading converter although it doesn&apos;t convert from a store-supported type! You might want to check your annotation setup at the converter implementation.
2022-05-28 02:42:41.945  WARN 51736 --- [           main] o.s.data.convert.CustomConversions       : Registering converter from class java.time.LocalDateTime to class org.joda.time.LocalDateTime as reading converter although it doesn&apos;t convert from a store-supported type! You might want to check your annotation setup at the converter implementation.
2022-05-28 02:42:42.243  WARN 51736 --- [           main] c.n.c.sources.URLConfigurationSource     : No URLs will be polled as dynamic configuration sources.
2022-05-28 02:42:42.243  INFO 51736 --- [           main] c.n.c.sources.URLConfigurationSource     : To enable URLs as dynamic configuration sources, define System property archaius.configurationSource.additionalUrls or make config.properties available on classpath.
2022-05-28 02:42:42.248  WARN 51736 --- [           main] c.n.c.sources.URLConfigurationSource     : No URLs will be polled as dynamic configuration sources.
2022-05-28 02:42:42.248  INFO 51736 --- [           main] c.n.c.sources.URLConfigurationSource     : To enable URLs as dynamic configuration sources, define System property archaius.configurationSource.additionalUrls or make config.properties available on classpath.
2022-05-28 02:42:42.713  INFO 51736 --- [           main] o.s.s.concurrent.ThreadPoolTaskExecutor  : Initializing ExecutorService &apos;applicationTaskExecutor&apos;
2022-05-28 02:42:44.693  INFO 51736 --- [           main] o.s.cloud.commons.util.InetUtils         : Cannot determine local hostname
2022-05-28 02:42:44.752  INFO 51736 --- [           main] DiscoveryClientOptionalArgsConfiguration : Eureka HTTP Client uses Jersey
2022-05-28 02:42:46.342  INFO 51736 --- [           main] o.s.cloud.commons.util.InetUtils         : Cannot determine local hostname
2022-05-28 02:42:46.409  WARN 51736 --- [           main] ockingLoadBalancerClientRibbonWarnLogger : You already have RibbonLoadBalancerClient on your classpath. It will be used by default. As Spring Cloud Ribbon is in maintenance mode. We recommend switching to BlockingLoadBalancerClient instead. In order to use it, set the value of `spring.cloud.loadbalancer.ribbon.enabled` to `false` or remove spring-cloud-starter-netflix-ribbon from your project.
2022-05-28 02:42:46.526  INFO 51736 --- [           main] o.s.c.n.eureka.InstanceInfoFactory       : Setting initial instance status as: STARTING
2022-05-28 02:42:46.690  INFO 51736 --- [           main] com.netflix.discovery.DiscoveryClient    : Initializing Eureka in region us-east-1
2022-05-28 02:42:47.334  INFO 51736 --- [           main] c.n.d.provider.DiscoveryJerseyProvider   : Using JSON encoding codec LegacyJacksonJson
2022-05-28 02:42:47.334  INFO 51736 --- [           main] c.n.d.provider.DiscoveryJerseyProvider   : Using JSON decoding codec LegacyJacksonJson
2022-05-28 02:42:47.525  INFO 51736 --- [           main] c.n.d.provider.DiscoveryJerseyProvider   : Using XML encoding codec XStreamXml
2022-05-28 02:42:47.526  INFO 51736 --- [           main] c.n.d.provider.DiscoveryJerseyProvider   : Using XML decoding codec XStreamXml
2022-05-28 02:42:47.710  INFO 51736 --- [           main] c.n.d.s.r.aws.ConfigClusterResolver      : Resolving eureka endpoints via configuration
2022-05-28 02:42:48.082  INFO 51736 --- [           main] com.netflix.discovery.DiscoveryClient    : Disable delta property : false
2022-05-28 02:42:48.082  INFO 51736 --- [           main] com.netflix.discovery.DiscoveryClient    : Single vip registry refresh property : null
2022-05-28 02:42:48.082  INFO 51736 --- [           main] com.netflix.discovery.DiscoveryClient    : Force full registry fetch : false
2022-05-28 02:42:48.082  INFO 51736 --- [           main] com.netflix.discovery.DiscoveryClient    : Application is null : false
2022-05-28 02:42:48.082  INFO 51736 --- [           main] com.netflix.discovery.DiscoveryClient    : Registered Applications size is zero : true
2022-05-28 02:42:48.082  INFO 51736 --- [           main] com.netflix.discovery.DiscoveryClient    : Application version is -1: true
2022-05-28 02:42:48.082  INFO 51736 --- [           main] com.netflix.discovery.DiscoveryClient    : Getting all instance registry info from the eureka server
2022-05-28 02:42:48.318  INFO 51736 --- [           main] com.netflix.discovery.DiscoveryClient    : The response status is 200
2022-05-28 02:42:48.321  INFO 51736 --- [           main] com.netflix.discovery.DiscoveryClient    : Starting heartbeat executor: renew interval is: 30
2022-05-28 02:42:48.326  INFO 51736 --- [           main] c.n.discovery.InstanceInfoReplicator     : InstanceInfoReplicator onDemand update allowed rate per min is 4
2022-05-28 02:42:48.332  INFO 51736 --- [           main] com.netflix.discovery.DiscoveryClient    : Discovery Client initialized at timestamp 1653676968330 with initial instances count: 2
2022-05-28 02:42:48.337  INFO 51736 --- [           main] o.s.c.n.e.s.EurekaServiceRegistry        : Registering application LIVEGOODS-BANNER with eureka with status UP
2022-05-28 02:42:48.338  INFO 51736 --- [           main] com.netflix.discovery.DiscoveryClient    : Saw local status change event StatusChangeEvent [timestamp=1653676968338, current=UP, previous=STARTING]
2022-05-28 02:42:48.343  INFO 51736 --- [nfoReplicator-0] com.netflix.discovery.DiscoveryClient    : DiscoveryClient_LIVEGOODS-BANNER/localhost:livegoods-banner:9000: registering service...
2022-05-28 02:42:48.361  INFO 51736 --- [           main] com.livegoods.test.dao.TestDao           : Started TestDao in 11.304 seconds (JVM running for 12.058)
2022-05-28 02:42:48.397  INFO 51736 --- [nfoReplicator-0] com.netflix.discovery.DiscoveryClient    : DiscoveryClient_LIVEGOODS-BANNER/localhost:livegoods-banner:9000 - registration status: 204
2022-05-28 02:42:48.877  INFO 51736 --- [           main] org.mongodb.driver.connection            : Closed connection [connectionId{localValue:2}] to 175.178.12.94:27017 because there was a socket exception raised by this connection.
</system-out>
  </testcase>
</testsuite>