<?xml version="1.0" encoding="UTF-8" ?>
<testsuite tests="1" failures="0" name="com.livegoods.test.service.TestService" time="0.032" errors="1" skipped="0">
  <properties>
[...]
</properties>
  <testcase classname="com.livegoods.test.service.TestService" name="testGetBanners" time="0.032">
    <error message="Exception authenticating MongoCredential{mechanism=SCRAM-SHA-256, userName=&apos;livegoods&apos;, source=&apos;livegoods&apos;, password=&lt;hidden&gt;, mechanismProperties=&lt;hidden&gt;}; nested exception is com.mongodb.MongoSecurityException: Exception authenticating MongoCredential{mechanism=SCRAM-SHA-256, userName=&apos;livegoods&apos;, source=&apos;livegoods&apos;, password=&lt;hidden&gt;, mechanismProperties=&lt;hidden&gt;}" type="org.springframework.data.mongodb.UncategorizedMongoDbException">org.springframework.data.mongodb.UncategorizedMongoDbException: Exception authenticating MongoCredential{mechanism=SCRAM-SHA-256, userName=&apos;livegoods&apos;, source=&apos;livegoods&apos;, password=&lt;hidden&gt;, mechanismProperties=&lt;hidden&gt;}; nested exception is com.mongodb.MongoSecurityException: Exception authenticating MongoCredential{mechanism=SCRAM-SHA-256, userName=&apos;livegoods&apos;, source=&apos;livegoods&apos;, password=&lt;hidden&gt;, mechanismProperties=&lt;hidden&gt;}
	at org.springframework.data.mongodb.core.MongoExceptionTranslator.translateExceptionIfPossible(MongoExceptionTranslator.java:133)
	at org.springframework.data.mongodb.core.MongoTemplate.potentiallyConvertRuntimeException(MongoTemplate.java:2874)
	at org.springframework.data.mongodb.core.MongoTemplate.executeFindMultiInternal(MongoTemplate.java:2799)
	at org.springframework.data.mongodb.core.MongoTemplate.doFind(MongoTemplate.java:2518)
	at org.springframework.data.mongodb.core.MongoTemplate.doFind(MongoTemplate.java:2500)
	at org.springframework.data.mongodb.core.MongoTemplate.find(MongoTemplate.java:856)
	at org.springframework.data.mongodb.core.MongoTemplate.find(MongoTemplate.java:842)
	at com.livegoods.banner.dao.impl.BannerDaoImpl.getBanners(BannerDaoImpl.java:31)
	at com.livegoods.banner.dao.impl.BannerDaoImpl$$FastClassBySpringCGLIB$$127a1d05.invoke(&lt;generated&gt;)
	at org.springframework.cglib.proxy.MethodProxy.invoke(MethodProxy.java:218)
	at org.springframework.aop.framework.CglibAopProxy$CglibMethodInvocation.invokeJoinpoint(CglibAopProxy.java:771)
	at org.springframework.aop.framework.ReflectiveMethodInvocation.proceed(ReflectiveMethodInvocation.java:163)
	at org.springframework.aop.framework.CglibAopProxy$CglibMethodInvocation.proceed(CglibAopProxy.java:749)
	at org.springframework.dao.support.PersistenceExceptionTranslationInterceptor.invoke(PersistenceExceptionTranslationInterceptor.java:139)
	at org.springframework.aop.framework.ReflectiveMethodInvocation.proceed(ReflectiveMethodInvocation.java:186)
	at org.springframework.aop.framework.CglibAopProxy$CglibMethodInvocation.proceed(CglibAopProxy.java:749)
	at org.springframework.aop.framework.CglibAopProxy$DynamicAdvisedInterceptor.intercept(CglibAopProxy.java:691)
	at com.livegoods.banner.dao.impl.BannerDaoImpl$$EnhancerBySpringCGLIB$$7169e0fc.getBanners(&lt;generated&gt;)
	at com.livegoods.banner.service.impl.BannerServiceImpl.getBanners(BannerServiceImpl.java:29)
	at com.livegoods.test.service.TestService.testGetBanners(TestService.java:20)
	at sun.reflect.NativeMethodAccessorImpl.invoke0(Native Method)
	at sun.reflect.NativeMethodAccessorImpl.invoke(NativeMethodAccessorImpl.java:62)
	at sun.reflect.DelegatingMethodAccessorImpl.invoke(DelegatingMethodAccessorImpl.java:43)
	at java.lang.reflect.Method.invoke(Method.java:498)
	at org.junit.runners.model.FrameworkMethod$1.runReflectiveCall(FrameworkMethod.java:59)
	at org.junit.internal.runners.model.ReflectiveCallable.run(ReflectiveCallable.java:12)
	at org.junit.runners.model.FrameworkMethod.invokeExplosively(FrameworkMethod.java:56)
	at org.junit.internal.runners.statements.InvokeMethod.evaluate(InvokeMethod.java:17)
	at org.springframework.test.context.junit4.statements.RunBeforeTestExecutionCallbacks.evaluate(RunBeforeTestExecutionCallbacks.java:74)
	at org.springframework.test.context.junit4.statements.RunAfterTestExecutionCallbacks.evaluate(RunAfterTestExecutionCallbacks.java:84)
	at org.springframework.test.context.junit4.statements.RunBeforeTestMethodCallbacks.evaluate(RunBeforeTestMethodCallbacks.java:75)
	at org.springframework.test.context.junit4.statements.RunAfterTestMethodCallbacks.evaluate(RunAfterTestMethodCallbacks.java:86)
	at org.springframework.test.context.junit4.statements.SpringRepeat.evaluate(SpringRepeat.java:84)
	at org.junit.runners.ParentRunner.runLeaf(ParentRunner.java:366)
	at org.springframework.test.context.junit4.SpringJUnit4ClassRunner.runChild(SpringJUnit4ClassRunner.java:251)
	at org.springframework.test.context.junit4.SpringJUnit4ClassRunner.runChild(SpringJUnit4ClassRunner.java:97)
	at org.junit.runners.ParentRunner$4.run(ParentRunner.java:331)
	at org.junit.runners.ParentRunner$1.schedule(ParentRunner.java:79)
	at org.junit.runners.ParentRunner.runChildren(ParentRunner.java:329)
	at org.junit.runners.ParentRunner.access$100(ParentRunner.java:66)
	at org.junit.runners.ParentRunner$2.evaluate(ParentRunner.java:293)
	at org.springframework.test.context.junit4.statements.RunBeforeTestClassCallbacks.evaluate(RunBeforeTestClassCallbacks.java:61)
	at org.springframework.test.context.junit4.statements.RunAfterTestClassCallbacks.evaluate(RunAfterTestClassCallbacks.java:70)
	at org.junit.runners.ParentRunner$3.evaluate(ParentRunner.java:306)
	at org.junit.runners.ParentRunner.run(ParentRunner.java:413)
	at org.springframework.test.context.junit4.SpringJUnit4ClassRunner.run(SpringJUnit4ClassRunner.java:190)
	at org.apache.maven.surefire.junit4.JUnit4Provider.execute(JUnit4Provider.java:252)
	at org.apache.maven.surefire.junit4.JUnit4Provider.executeTestSet(JUnit4Provider.java:141)
	at org.apache.maven.surefire.junit4.JUnit4Provider.invoke(JUnit4Provider.java:112)
	at sun.reflect.NativeMethodAccessorImpl.invoke0(Native Method)
	at sun.reflect.NativeMethodAccessorImpl.invoke(NativeMethodAccessorImpl.java:62)
	at sun.reflect.DelegatingMethodAccessorImpl.invoke(DelegatingMethodAccessorImpl.java:43)
	at java.lang.reflect.Method.invoke(Method.java:498)
	at org.apache.maven.surefire.util.ReflectionUtils.invokeMethodWithArray(ReflectionUtils.java:189)
	at org.apache.maven.surefire.booter.ProviderFactory$ProviderProxy.invoke(ProviderFactory.java:165)
	at org.apache.maven.surefire.booter.ProviderFactory.invokeProvider(ProviderFactory.java:85)
	at org.apache.maven.surefire.booter.ForkedBooter.runSuitesInProcess(ForkedBooter.java:115)
	at org.apache.maven.surefire.booter.ForkedBooter.main(ForkedBooter.java:75)
Caused by: com.mongodb.MongoSecurityException: Exception authenticating MongoCredential{mechanism=SCRAM-SHA-256, userName=&apos;livegoods&apos;, source=&apos;livegoods&apos;, password=&lt;hidden&gt;, mechanismProperties=&lt;hidden&gt;}
	at com.mongodb.internal.connection.SaslAuthenticator.wrapException(SaslAuthenticator.java:201)
	at com.mongodb.internal.connection.SaslAuthenticator.access$300(SaslAuthenticator.java:40)
	at com.mongodb.internal.connection.SaslAuthenticator$1.run(SaslAuthenticator.java:78)
	at com.mongodb.internal.connection.SaslAuthenticator$1.run(SaslAuthenticator.java:47)
	at com.mongodb.internal.connection.SaslAuthenticator.doAsSubject(SaslAuthenticator.java:207)
	at com.mongodb.internal.connection.SaslAuthenticator.authenticate(SaslAuthenticator.java:47)
	at com.mongodb.internal.connection.InternalStreamConnectionInitializer.authenticate(InternalStreamConnectionInitializer.java:152)
	at com.mongodb.internal.connection.InternalStreamConnectionInitializer.initialize(InternalStreamConnectionInitializer.java:61)
	at com.mongodb.internal.connection.InternalStreamConnection.open(InternalStreamConnection.java:128)
	at com.mongodb.internal.connection.UsageTrackingInternalConnection.open(UsageTrackingInternalConnection.java:50)
	at com.mongodb.internal.connection.DefaultConnectionPool$PooledConnection.open(DefaultConnectionPool.java:435)
	at com.mongodb.internal.connection.DefaultConnectionPool.get(DefaultConnectionPool.java:117)
	at com.mongodb.internal.connection.DefaultConnectionPool.get(DefaultConnectionPool.java:102)
	at com.mongodb.internal.connection.DefaultServer.getConnection(DefaultServer.java:90)
	at com.mongodb.internal.binding.ClusterBinding$ClusterBindingConnectionSource.getConnection(ClusterBinding.java:119)
	at com.mongodb.internal.operation.FindOperation$1.call(FindOperation.java:628)
	at com.mongodb.internal.operation.FindOperation$1.call(FindOperation.java:625)
	at com.mongodb.internal.operation.OperationHelper.withReadConnectionSource(OperationHelper.java:462)
	at com.mongodb.internal.operation.FindOperation.execute(FindOperation.java:625)
	at com.mongodb.internal.operation.FindOperation.execute(FindOperation.java:77)
	at com.mongodb.client.internal.MongoClientDelegate$DelegateOperationExecutor.execute(MongoClientDelegate.java:190)
	at com.mongodb.client.internal.MongoIterableImpl.execute(MongoIterableImpl.java:135)
	at com.mongodb.client.internal.MongoIterableImpl.iterator(MongoIterableImpl.java:92)
	at org.springframework.data.mongodb.core.MongoTemplate.executeFindMultiInternal(MongoTemplate.java:2782)
	... 55 more
Caused by: com.mongodb.MongoCommandException: Command failed with error 18 (AuthenticationFailed): &apos;Authentication failed.&apos; on server 175.178.12.94:27017. The full response is {&quot;ok&quot;: 0.0, &quot;errmsg&quot;: &quot;Authentication failed.&quot;, &quot;code&quot;: 18, &quot;codeName&quot;: &quot;AuthenticationFailed&quot;}
	at com.mongodb.internal.connection.ProtocolHelper.getCommandFailureException(ProtocolHelper.java:175)
	at com.mongodb.internal.connection.InternalStreamConnection.receiveCommandMessageResponse(InternalStreamConnection.java:302)
	at com.mongodb.internal.connection.InternalStreamConnection.sendAndReceive(InternalStreamConnection.java:258)
	at com.mongodb.internal.connection.CommandHelper.sendAndReceive(CommandHelper.java:83)
	at com.mongodb.internal.connection.CommandHelper.executeCommand(CommandHelper.java:33)
	at com.mongodb.internal.connection.SaslAuthenticator.sendSaslContinue(SaslAuthenticator.java:162)
	at com.mongodb.internal.connection.SaslAuthenticator.access$200(SaslAuthenticator.java:40)
	at com.mongodb.internal.connection.SaslAuthenticator$1.run(SaslAuthenticator.java:67)
	... 76 more
</error>
    <system-out>2022-05-28 02:42:48.892  INFO 51736 --- [           main] .b.t.c.SpringBootTestContextBootstrapper : Neither @ContextConfiguration nor @ContextHierarchy found for test class [com.livegoods.test.service.TestService], using SpringBootContextLoader
2022-05-28 02:42:48.892  INFO 51736 --- [           main] o.s.t.c.support.AbstractContextLoader    : Could not detect default resource locations for test class [com.livegoods.test.service.TestService]: no resource found for suffixes {-context.xml, Context.groovy}.
2022-05-28 02:42:48.895  INFO 51736 --- [           main] .b.t.c.SpringBootTestContextBootstrapper : Loaded default TestExecutionListener class names from location [META-INF/spring.factories]: [org.springframework.boot.test.mock.mockito.MockitoTestExecutionListener, org.springframework.boot.test.mock.mockito.ResetMocksTestExecutionListener, org.springframework.boot.test.autoconfigure.restdocs.RestDocsTestExecutionListener, org.springframework.boot.test.autoconfigure.web.client.MockRestServiceServerResetTestExecutionListener, org.springframework.boot.test.autoconfigure.web.servlet.MockMvcPrintOnlyOnFailureTestExecutionListener, org.springframework.boot.test.autoconfigure.web.servlet.WebDriverTestExecutionListener, org.springframework.boot.test.autoconfigure.webservices.client.MockWebServiceServerTestExecutionListener, org.springframework.test.context.web.ServletTestExecutionListener, org.springframework.test.context.support.DirtiesContextBeforeModesTestExecutionListener, org.springframework.test.context.support.DependencyInjectionTestExecutionListener, org.springframework.test.context.support.DirtiesContextTestExecutionListener, org.springframework.test.context.transaction.TransactionalTestExecutionListener, org.springframework.test.context.jdbc.SqlScriptsTestExecutionListener, org.springframework.test.context.event.EventPublishingTestExecutionListener]
2022-05-28 02:42:48.896  INFO 51736 --- [           main] .b.t.c.SpringBootTestContextBootstrapper : Using TestExecutionListeners: [org.springframework.test.context.web.ServletTestExecutionListener@14f1545c, org.springframework.test.context.support.DirtiesContextBeforeModesTestExecutionListener@1ec98548, org.springframework.boot.test.mock.mockito.MockitoTestExecutionListener@14927cd4, org.springframework.boot.test.autoconfigure.SpringBootDependencyInjectionTestExecutionListener@5a106b26, org.springframework.test.context.support.DirtiesContextTestExecutionListener@445d878c, org.springframework.test.context.transaction.TransactionalTestExecutionListener@16eca98a, org.springframework.test.context.jdbc.SqlScriptsTestExecutionListener@119f035f, org.springframework.test.context.event.EventPublishingTestExecutionListener@480f1311, org.springframework.boot.test.mock.mockito.ResetMocksTestExecutionListener@60c68c7b, org.springframework.boot.test.autoconfigure.restdocs.RestDocsTestExecutionListener@1315d910, org.springframework.boot.test.autoconfigure.web.client.MockRestServiceServerResetTestExecutionListener@7a79a5d6, org.springframework.boot.test.autoconfigure.web.servlet.MockMvcPrintOnlyOnFailureTestExecutionListener@4a5eb613, org.springframework.boot.test.autoconfigure.web.servlet.WebDriverTestExecutionListener@1eaf4e77, org.springframework.boot.test.autoconfigure.webservices.client.MockWebServiceServerTestExecutionListener@23cfc9eb]
2022-05-28 02:42:48.940  INFO 51736 --- [           main] org.mongodb.driver.connection            : Closed connection [connectionId{localValue:3}] to 175.178.12.94:27017 because there was a socket exception raised by this connection.
</system-out>
  </testcase>
</testsuite>